This file contains any messages produced by compilers while
running configure, to aid debugging if configure makes a mistake.

It was created by scws configure 1.2.2, which was
generated by GNU Autoconf 2.68.  Invocation command line was

  $ ./configure 

## --------- ##
## Platform. ##
## --------- ##

hostname = localhost.localdomain
uname -m = x86_64
uname -r = 2.6.32-358.6.1.el6.x86_64
uname -s = Linux
uname -v = #1 SMP Tue Apr 23 19:29:00 UTC 2013

/usr/bin/uname -p = unknown
/bin/uname -X     = unknown

/bin/arch              = x86_64
/usr/bin/arch -k       = unknown
/usr/convex/getsysinfo = unknown
/usr/bin/hostinfo      = unknown
/bin/machine           = unknown
/usr/bin/oslevel       = unknown
/bin/universe          = unknown

PATH: /usr/local/sbin
PATH: /usr/local/bin
PATH: /sbin
PATH: /bin
PATH: /usr/sbin
PATH: /usr/bin


## ----------- ##
## Core tests. ##
## ----------- ##

configure:2548: checking for a BSD-compatible install
configure:2616: result: /usr/bin/install -c
configure:2627: checking whether build environment is sane
configure:2664: result: yes
configure:2689: checking for a thread-safe mkdir -p
configure:2728: result: /bin/mkdir -p
configure:2741: checking for gawk
configure:2757: found /bin/gawk
configure:2768: result: gawk
configure:2779: checking whether make sets $(MAKE)
configure:2801: result: yes
configure:3043: checking for gcc
configure:3059: found /usr/bin/gcc
configure:3070: result: gcc
configure:3299: checking for C compiler version
configure:3308: gcc --version >&5
gcc (GCC) 4.4.7 20120313 (Red Hat 4.4.7-3)
Copyright (C) 2010 Free Software Foundation, Inc.
This is free software; see the source for copying conditions.  There is NO
warranty; not even for MERCHANTABILITY or FITNESS FOR A PARTICULAR PURPOSE.

configure:3319: $? = 0
configure:3308: gcc -v >&5
Using built-in specs.
Target: x86_64-redhat-linux
Configured with: ../configure --prefix=/usr --mandir=/usr/share/man --infodir=/usr/share/info --with-bugurl=http://bugzilla.redhat.com/bugzilla --enable-bootstrap --enable-shared --enable-threads=posix --enable-checking=release --with-system-zlib --enable-__cxa_atexit --disable-libunwind-exceptions --enable-gnu-unique-object --enable-languages=c,c++,objc,obj-c++,java,fortran,ada --enable-java-awt=gtk --disable-dssi --with-java-home=/usr/lib/jvm/java-1.5.0-gcj-1.5.0.0/jre --enable-libgcj-multifile --enable-java-maintainer-mode --with-ecj-jar=/usr/share/java/eclipse-ecj.jar --disable-libjava-multilib --with-ppl --with-cloog --with-tune=generic --with-arch_32=i686 --build=x86_64-redhat-linux
Thread model: posix
gcc version 4.4.7 20120313 (Red Hat 4.4.7-3) (GCC) 
configure:3319: $? = 0
configure:3308: gcc -V >&5
gcc: '-V' option must have argument
configure:3319: $? = 1
configure:3308: gcc -qversion >&5
gcc: unrecognized option '-qversion'
gcc: no input files
configure:3319: $? = 1
configure:3339: checking whether the C compiler works
configure:3361: gcc    conftest.c  >&5
configure:3365: $? = 0
configure:3413: result: yes
configure:3416: checking for C compiler default output file name
configure:3418: result: a.out
configure:3424: checking for suffix of executables
configure:3431: gcc -o conftest    conftest.c  >&5
configure:3435: $? = 0
configure:3457: result: 
configure:3479: checking whether we are cross compiling
configure:3487: gcc -o conftest    conftest.c  >&5
configure:3491: $? = 0
configure:3498: ./conftest
configure:3502: $? = 0
configure:3517: result: no
configure:3522: checking for suffix of object files
configure:3544: gcc -c   conftest.c >&5
configure:3548: $? = 0
configure:3569: result: o
configure:3573: checking whether we are using the GNU C compiler
configure:3592: gcc -c   conftest.c >&5
configure:3592: $? = 0
configure:3601: result: yes
configure:3610: checking whether gcc accepts -g
configure:3630: gcc -c -g  conftest.c >&5
configure:3630: $? = 0
configure:3671: result: yes
configure:3688: checking for gcc option to accept ISO C89
configure:3752: gcc  -c -g -O2  conftest.c >&5
configure:3752: $? = 0
configure:3765: result: none needed
configure:3796: checking for style of include used by make
configure:3824: result: GNU
configure:3849: checking dependency style of gcc
configure:3940: result: gcc3
configure:3955: checking for a sed that does not truncate output
configure:4019: result: /bin/sed
configure:4025: checking whether ln -s works
configure:4029: result: yes
configure:4036: checking whether make sets $(MAKE)
configure:4058: result: yes
configure:4127: checking build system type
configure:4141: result: x86_64-unknown-linux-gnu
configure:4161: checking host system type
configure:4174: result: x86_64-unknown-linux-gnu
configure:4194: checking for a sed that does not truncate output
configure:4258: result: /bin/sed
configure:4276: checking for grep that handles long lines and -e
configure:4334: result: /bin/grep
configure:4339: checking for egrep
configure:4401: result: /bin/grep -E
configure:4406: checking for fgrep
configure:4468: result: /bin/grep -F
configure:4503: checking for ld used by gcc
configure:4570: result: /usr/bin/ld
configure:4577: checking if the linker (/usr/bin/ld) is GNU ld
configure:4592: result: yes
configure:4604: checking for BSD- or MS-compatible name lister (nm)
configure:4653: result: /usr/bin/nm -B
configure:4771: checking the name lister (/usr/bin/nm -B) interface
configure:4778: gcc -c -g -O2  conftest.c >&5
configure:4781: /usr/bin/nm -B "conftest.o"
configure:4784: output
0000000000000000 B some_variable
configure:4791: result: BSD nm
configure:4795: checking the maximum length of command line arguments
configure:4915: result: 1966080
configure:4932: checking whether the shell understands some XSI constructs
configure:4942: result: yes
configure:4946: checking whether the shell understands "+="
configure:4952: result: yes
configure:4987: checking for /usr/bin/ld option to reload object files
configure:4994: result: -r
configure:5021: checking how to recognize dependent libraries
configure:5211: result: pass_all
configure:5271: checking for ar
configure:5287: found /usr/bin/ar
configure:5298: result: ar
configure:5376: checking for strip
configure:5392: found /usr/bin/strip
configure:5403: result: strip
configure:5475: checking for ranlib
configure:5491: found /usr/bin/ranlib
configure:5502: result: ranlib
configure:5592: checking command to parse /usr/bin/nm -B output from gcc object
configure:5710: gcc -c -g -O2  conftest.c >&5
configure:5713: $? = 0
configure:5717: /usr/bin/nm -B conftest.o \| sed -n -e 's/^.*[	 ]\([ABCDGIRSTW][ABCDGIRSTW]*\)[	 ][	 ]*\([_A-Za-z][_A-Za-z0-9]*\)$/\1 \2 \2/p' \> conftest.nm
configure:5720: $? = 0
configure:5774: gcc -o conftest -g -O2   conftest.c conftstm.o >&5
configure:5777: $? = 0
configure:5815: result: ok
configure:5911: gcc -c -g -O2  conftest.c >&5
configure:5914: $? = 0
configure:6624: checking how to run the C preprocessor
configure:6655: gcc -E  conftest.c
configure:6655: $? = 0
configure:6669: gcc -E  conftest.c
conftest.c:11:28: error: ac_nonexistent.h: No such file or directory
configure:6669: $? = 1
configure: failed program was:
| /* confdefs.h */
| #define PACKAGE_NAME "scws"
| #define PACKAGE_TARNAME "scws"
| #define PACKAGE_VERSION "1.2.2"
| #define PACKAGE_STRING "scws 1.2.2"
| #define PACKAGE_BUGREPORT "http://www.xunsearch.com/scws"
| #define PACKAGE_URL ""
| #define PACKAGE "scws"
| #define VERSION "1.2.2"
| /* end confdefs.h.  */
| #include <ac_nonexistent.h>
configure:6694: result: gcc -E
configure:6714: gcc -E  conftest.c
configure:6714: $? = 0
configure:6728: gcc -E  conftest.c
conftest.c:11:28: error: ac_nonexistent.h: No such file or directory
configure:6728: $? = 1
configure: failed program was:
| /* confdefs.h */
| #define PACKAGE_NAME "scws"
| #define PACKAGE_TARNAME "scws"
| #define PACKAGE_VERSION "1.2.2"
| #define PACKAGE_STRING "scws 1.2.2"
| #define PACKAGE_BUGREPORT "http://www.xunsearch.com/scws"
| #define PACKAGE_URL ""
| #define PACKAGE "scws"
| #define VERSION "1.2.2"
| /* end confdefs.h.  */
| #include <ac_nonexistent.h>
configure:6757: checking for ANSI C header files
configure:6777: gcc -c -g -O2  conftest.c >&5
configure:6777: $? = 0
configure:6850: gcc -o conftest -g -O2   conftest.c  >&5
configure:6850: $? = 0
configure:6850: ./conftest
configure:6850: $? = 0
configure:6861: result: yes
configure:6874: checking for sys/types.h
configure:6874: gcc -c -g -O2  conftest.c >&5
configure:6874: $? = 0
configure:6874: result: yes
configure:6874: checking for sys/stat.h
configure:6874: gcc -c -g -O2  conftest.c >&5
configure:6874: $? = 0
configure:6874: result: yes
configure:6874: checking for stdlib.h
configure:6874: gcc -c -g -O2  conftest.c >&5
configure:6874: $? = 0
configure:6874: result: yes
configure:6874: checking for string.h
configure:6874: gcc -c -g -O2  conftest.c >&5
configure:6874: $? = 0
configure:6874: result: yes
configure:6874: checking for memory.h
configure:6874: gcc -c -g -O2  conftest.c >&5
configure:6874: $? = 0
configure:6874: result: yes
configure:6874: checking for strings.h
configure:6874: gcc -c -g -O2  conftest.c >&5
configure:6874: $? = 0
configure:6874: result: yes
configure:6874: checking for inttypes.h
configure:6874: gcc -c -g -O2  conftest.c >&5
configure:6874: $? = 0
configure:6874: result: yes
configure:6874: checking for stdint.h
configure:6874: gcc -c -g -O2  conftest.c >&5
configure:6874: $? = 0
configure:6874: result: yes
configure:6874: checking for unistd.h
configure:6874: gcc -c -g -O2  conftest.c >&5
configure:6874: $? = 0
configure:6874: result: yes
configure:6888: checking for dlfcn.h
configure:6888: gcc -c -g -O2  conftest.c >&5
configure:6888: $? = 0
configure:6888: result: yes
configure:7042: checking for objdir
configure:7057: result: .libs
configure:7349: checking if gcc supports -fno-rtti -fno-exceptions
configure:7367: gcc -c -g -O2  -fno-rtti -fno-exceptions conftest.c >&5
cc1: warning: command line option "-fno-rtti" is valid for C++/ObjC++ but not for C
configure:7371: $? = 0
configure:7384: result: no
configure:7404: checking for gcc option to produce PIC
configure:7661: result: -fPIC -DPIC
configure:7673: checking if gcc PIC flag -fPIC -DPIC works
configure:7691: gcc -c -g -O2  -fPIC -DPIC -DPIC conftest.c >&5
configure:7695: $? = 0
configure:7708: result: yes
configure:7732: checking if gcc static flag -static works
configure:7760: result: no
configure:7775: checking if gcc supports -c -o file.o
configure:7796: gcc -c -g -O2  -o out/conftest2.o conftest.c >&5
configure:7800: $? = 0
configure:7822: result: yes
configure:7830: checking if gcc supports -c -o file.o
configure:7877: result: yes
configure:7910: checking whether the gcc linker (/usr/bin/ld -m elf_x86_64) supports shared libraries
configure:8888: result: yes
configure:8925: checking whether -lc should be explicitly linked in
configure:8930: gcc -c -g -O2  conftest.c >&5
configure:8933: $? = 0
configure:8948: gcc -shared conftest.o  -v -Wl,-soname -Wl,conftest -o conftest 2\>\&1 \| /bin/grep  -lc  \>/dev/null 2\>\&1
configure:8951: $? = 0
configure:8963: result: no
configure:9127: checking dynamic linker characteristics
configure:9560: gcc -o conftest -g -O2   -Wl,-rpath -Wl,/foo conftest.c  >&5
configure:9560: $? = 0
configure:9778: result: GNU/Linux ld.so
configure:9880: checking how to hardcode library paths into programs
configure:9905: result: immediate
configure:10433: checking whether stripping libraries is possible
configure:10438: result: yes
configure:10473: checking if libtool supports shared libraries
configure:10475: result: yes
configure:10478: checking whether to build shared libraries
configure:10499: result: yes
configure:10502: checking whether to build static libraries
configure:10506: result: no
configure:10576: checking for logf in -lm
configure:10601: gcc -o conftest -g -O2   conftest.c -lm   >&5
conftest.c:30: warning: conflicting types for built-in function 'logf'
configure:10601: $? = 0
configure:10610: result: yes
configure:10628: checking fcntl.h usability
configure:10628: gcc -c -g -O2  conftest.c >&5
configure:10628: $? = 0
configure:10628: result: yes
configure:10628: checking fcntl.h presence
configure:10628: gcc -E  conftest.c
configure:10628: $? = 0
configure:10628: result: yes
configure:10628: checking for fcntl.h
configure:10628: result: yes
configure:10628: checking netinet/in.h usability
configure:10628: gcc -c -g -O2  conftest.c >&5
configure:10628: $? = 0
configure:10628: result: yes
configure:10628: checking netinet/in.h presence
configure:10628: gcc -E  conftest.c
configure:10628: $? = 0
configure:10628: result: yes
configure:10628: checking for netinet/in.h
configure:10628: result: yes
configure:10628: checking math.h usability
configure:10628: gcc -c -g -O2  conftest.c >&5
configure:10628: $? = 0
configure:10628: result: yes
configure:10628: checking math.h presence
configure:10628: gcc -E  conftest.c
configure:10628: $? = 0
configure:10628: result: yes
configure:10628: checking for math.h
configure:10628: result: yes
configure:10628: checking for stdlib.h
configure:10628: result: yes
configure:10628: checking for string.h
configure:10628: result: yes
configure:10628: checking sys/file.h usability
configure:10628: gcc -c -g -O2  conftest.c >&5
configure:10628: $? = 0
configure:10628: result: yes
configure:10628: checking sys/file.h presence
configure:10628: gcc -E  conftest.c
configure:10628: $? = 0
configure:10628: result: yes
configure:10628: checking for sys/file.h
configure:10628: result: yes
configure:10628: checking sys/param.h usability
configure:10628: gcc -c -g -O2  conftest.c >&5
configure:10628: $? = 0
configure:10628: result: yes
configure:10628: checking sys/param.h presence
configure:10628: gcc -E  conftest.c
configure:10628: $? = 0
configure:10628: result: yes
configure:10628: checking for sys/param.h
configure:10628: result: yes
configure:10628: checking sys/time.h usability
configure:10628: gcc -c -g -O2  conftest.c >&5
configure:10628: $? = 0
configure:10628: result: yes
configure:10628: checking sys/time.h presence
configure:10628: gcc -E  conftest.c
configure:10628: $? = 0
configure:10628: result: yes
configure:10628: checking for sys/time.h
configure:10628: result: yes
configure:10628: checking for unistd.h
configure:10628: result: yes
configure:10640: checking for an ANSI C-conforming const
configure:10705: gcc -c -g -O2  conftest.c >&5
configure:10705: $? = 0
configure:10712: result: yes
configure:10720: checking for inline
configure:10736: gcc -c -g -O2  conftest.c >&5
configure:10736: $? = 0
configure:10744: result: inline
configure:10762: checking whether time.h and sys/time.h may both be included
configure:10782: gcc -c -g -O2  conftest.c >&5
configure:10782: $? = 0
configure:10789: result: yes
configure:10801: checking size of int
configure:10806: gcc -o conftest -g -O2   conftest.c -lm  >&5
configure:10806: $? = 0
configure:10806: ./conftest
configure:10806: $? = 0
configure:10820: result: 4
configure:10835: checking size of float
configure:10840: gcc -o conftest -g -O2   conftest.c -lm  >&5
configure:10840: $? = 0
configure:10840: ./conftest
configure:10840: $? = 0
configure:10854: result: 4
configure:10866: checking for struct flock
configure:10887: gcc -c -g -O2  conftest.c >&5
configure:10887: $? = 0
configure:10897: result: 
configure:10901: checking whether lstat correctly handles trailing slash
configure:10927: gcc -o conftest -g -O2   conftest.c -lm  >&5
configure:10927: $? = 0
configure:10927: ./conftest
configure:10927: $? = 0
configure:10944: result: yes
configure:10963: checking whether lstat accepts an empty string
configure:10983: gcc -o conftest -g -O2   conftest.c -lm  >&5
configure:10983: $? = 0
configure:10983: ./conftest
configure:10983: $? = 0
configure:10993: result: no
configure:11009: checking whether lstat correctly handles trailing slash
configure:11052: result: yes
configure:11077: checking for stdlib.h
configure:11077: result: yes
configure:11077: checking for unistd.h
configure:11077: result: yes
configure:11077: checking for sys/param.h
configure:11077: result: yes
configure:11097: checking for getpagesize
configure:11097: gcc -o conftest -g -O2   conftest.c -lm  >&5
configure:11097: $? = 0
configure:11097: result: yes
configure:11106: checking for working mmap
configure:11253: gcc -o conftest -g -O2   conftest.c -lm  >&5
configure:11253: $? = 0
configure:11253: ./conftest
configure:11253: $? = 0
configure:11263: result: yes
configure:11272: checking for working memcmp
configure:11315: gcc -o conftest -g -O2   conftest.c -lm  >&5
configure:11315: $? = 0
configure:11315: ./conftest
configure:11315: $? = 0
configure:11325: result: yes
configure:11337: checking for flock
configure:11337: gcc -o conftest -g -O2   conftest.c -lm  >&5
configure:11337: $? = 0
configure:11337: result: yes
configure:11337: checking for gettimeofday
configure:11337: gcc -o conftest -g -O2   conftest.c -lm  >&5
configure:11337: $? = 0
configure:11337: result: yes
configure:11337: checking for malloc
configure:11337: gcc -o conftest -g -O2   conftest.c -lm  >&5
conftest.c:69: warning: conflicting types for built-in function 'malloc'
configure:11337: $? = 0
configure:11337: result: yes
configure:11337: checking for memset
configure:11337: gcc -o conftest -g -O2   conftest.c -lm  >&5
conftest.c:70: warning: conflicting types for built-in function 'memset'
configure:11337: $? = 0
configure:11337: result: yes
configure:11337: checking for munmap
configure:11337: gcc -o conftest -g -O2   conftest.c -lm  >&5
configure:11337: $? = 0
configure:11337: result: yes
configure:11337: checking for pow
configure:11337: gcc -o conftest -g -O2   conftest.c -lm  >&5
conftest.c:72: warning: conflicting types for built-in function 'pow'
configure:11337: $? = 0
configure:11337: result: yes
configure:11337: checking for realpath
configure:11337: gcc -o conftest -g -O2   conftest.c -lm  >&5
configure:11337: $? = 0
configure:11337: result: yes
configure:11337: checking for strcasecmp
configure:11337: gcc -o conftest -g -O2   conftest.c -lm  >&5
conftest.c:74: warning: conflicting types for built-in function 'strcasecmp'
configure:11337: $? = 0
configure:11337: result: yes
configure:11337: checking for strchr
configure:11337: gcc -o conftest -g -O2   conftest.c -lm  >&5
conftest.c:75: warning: conflicting types for built-in function 'strchr'
configure:11337: $? = 0
configure:11337: result: yes
configure:11337: checking for strdup
configure:11337: gcc -o conftest -g -O2   conftest.c -lm  >&5
conftest.c:76: warning: conflicting types for built-in function 'strdup'
configure:11337: $? = 0
configure:11337: result: yes
configure:11337: checking for strrchr
configure:11337: gcc -o conftest -g -O2   conftest.c -lm  >&5
conftest.c:77: warning: conflicting types for built-in function 'strrchr'
configure:11337: $? = 0
configure:11337: result: yes
configure:11337: checking for strndup
configure:11337: gcc -o conftest -g -O2   conftest.c -lm  >&5
conftest.c:78: warning: conflicting types for built-in function 'strndup'
configure:11337: $? = 0
configure:11337: result: yes
configure:11337: checking for strtok_r
configure:11337: gcc -o conftest -g -O2   conftest.c -lm  >&5
configure:11337: $? = 0
configure:11337: result: yes
configure:11471: creating ./config.status

## ---------------------- ##
## Running config.status. ##
## ---------------------- ##

This file was extended by scws config.status 1.2.2, which was
generated by GNU Autoconf 2.68.  Invocation command line was

  CONFIG_FILES    = 
  CONFIG_HEADERS  = 
  CONFIG_LINKS    = 
  CONFIG_COMMANDS = 
  $ ./config.status 

on localhost.localdomain

config.status:1106: creating Makefile
config.status:1106: creating cli/Makefile
config.status:1106: creating etc/Makefile
config.status:1106: creating libscws/Makefile
config.status:1106: creating libscws/version.h
config.status:1106: creating config.h
config.status:1334: executing depfiles commands
config.status:1334: executing libtool commands

## ---------------- ##
## Cache variables. ##
## ---------------- ##

ac_cv_build=x86_64-unknown-linux-gnu
ac_cv_c_compiler_gnu=yes
ac_cv_c_const=yes
ac_cv_c_inline=inline
ac_cv_env_CC_set=
ac_cv_env_CC_value=
ac_cv_env_CFLAGS_set=
ac_cv_env_CFLAGS_value=
ac_cv_env_CPPFLAGS_set=
ac_cv_env_CPPFLAGS_value=
ac_cv_env_CPP_set=
ac_cv_env_CPP_value=
ac_cv_env_LDFLAGS_set=
ac_cv_env_LDFLAGS_value=
ac_cv_env_LIBS_set=
ac_cv_env_LIBS_value=
ac_cv_env_build_alias_set=
ac_cv_env_build_alias_value=
ac_cv_env_host_alias_set=
ac_cv_env_host_alias_value=
ac_cv_env_target_alias_set=
ac_cv_env_target_alias_value=
ac_cv_func_flock=yes
ac_cv_func_getpagesize=yes
ac_cv_func_gettimeofday=yes
ac_cv_func_lstat_dereferences_slashed_symlink=yes
ac_cv_func_lstat_empty_string_bug=no
ac_cv_func_malloc=yes
ac_cv_func_memcmp_working=yes
ac_cv_func_memset=yes
ac_cv_func_mmap_fixed_mapped=yes
ac_cv_func_munmap=yes
ac_cv_func_pow=yes
ac_cv_func_realpath=yes
ac_cv_func_strcasecmp=yes
ac_cv_func_strchr=yes
ac_cv_func_strdup=yes
ac_cv_func_strndup=yes
ac_cv_func_strrchr=yes
ac_cv_func_strtok_r=yes
ac_cv_header_dlfcn_h=yes
ac_cv_header_fcntl_h=yes
ac_cv_header_inttypes_h=yes
ac_cv_header_math_h=yes
ac_cv_header_memory_h=yes
ac_cv_header_netinet_in_h=yes
ac_cv_header_stdc=yes
ac_cv_header_stdint_h=yes
ac_cv_header_stdlib_h=yes
ac_cv_header_string_h=yes
ac_cv_header_strings_h=yes
ac_cv_header_sys_file_h=yes
ac_cv_header_sys_param_h=yes
ac_cv_header_sys_stat_h=yes
ac_cv_header_sys_time_h=yes
ac_cv_header_sys_types_h=yes
ac_cv_header_time=yes
ac_cv_header_unistd_h=yes
ac_cv_host=x86_64-unknown-linux-gnu
ac_cv_lib_m_logf=yes
ac_cv_objext=o
ac_cv_path_EGREP='/bin/grep -E'
ac_cv_path_FGREP='/bin/grep -F'
ac_cv_path_GREP=/bin/grep
ac_cv_path_SED=/bin/sed
ac_cv_path_install='/usr/bin/install -c'
ac_cv_path_mkdir=/bin/mkdir
ac_cv_prog_AWK=gawk
ac_cv_prog_CPP='gcc -E'
ac_cv_prog_ac_ct_AR=ar
ac_cv_prog_ac_ct_CC=gcc
ac_cv_prog_ac_ct_RANLIB=ranlib
ac_cv_prog_ac_ct_STRIP=strip
ac_cv_prog_cc_c89=
ac_cv_prog_cc_g=yes
ac_cv_prog_make_make_set=yes
ac_cv_sizeof_float=4
ac_cv_sizeof_int=4
am_cv_CC_dependencies_compiler_type=gcc3
lt_cv_deplibs_check_method=pass_all
lt_cv_file_magic_cmd='$MAGIC_CMD'
lt_cv_file_magic_test_file=
lt_cv_ld_reload_flag=-r
lt_cv_nm_interface='BSD nm'
lt_cv_objdir=.libs
lt_cv_path_LD=/usr/bin/ld
lt_cv_path_NM='/usr/bin/nm -B'
lt_cv_prog_compiler_c_o=yes
lt_cv_prog_compiler_pic_works=yes
lt_cv_prog_compiler_rtti_exceptions=no
lt_cv_prog_compiler_static_works=no
lt_cv_prog_gnu_ld=yes
lt_cv_sys_global_symbol_pipe='sed -n -e '\''s/^.*[	 ]\([ABCDGIRSTW][ABCDGIRSTW]*\)[	 ][	 ]*\([_A-Za-z][_A-Za-z0-9]*\)$/\1 \2 \2/p'\'''
lt_cv_sys_global_symbol_to_c_name_address='sed -n -e '\''s/^: \([^ ]*\) $/  {\"\1\", (void *) 0},/p'\'' -e '\''s/^[ABCDGIRSTW]* \([^ ]*\) \([^ ]*\)$/  {"\2", (void *) \&\2},/p'\'''
lt_cv_sys_global_symbol_to_c_name_address_lib_prefix='sed -n -e '\''s/^: \([^ ]*\) $/  {\"\1\", (void *) 0},/p'\'' -e '\''s/^[ABCDGIRSTW]* \([^ ]*\) \(lib[^ ]*\)$/  {"\2", (void *) \&\2},/p'\'' -e '\''s/^[ABCDGIRSTW]* \([^ ]*\) \([^ ]*\)$/  {"lib\2", (void *) \&\2},/p'\'''
lt_cv_sys_global_symbol_to_cdecl='sed -n -e '\''s/^T .* \(.*\)$/extern int \1();/p'\'' -e '\''s/^[ABCDGIRSTW]* .* \(.*\)$/extern char \1;/p'\'''
lt_cv_sys_max_cmd_len=1966080

## ----------------- ##
## Output variables. ##
## ----------------- ##

ACLOCAL='${SHELL} /home/root/development/projects/nodescws/scws/missing --run aclocal-1.10'
AMDEPBACKSLASH='\'
AMDEP_FALSE='#'
AMDEP_TRUE=''
AMTAR='${SHELL} /home/root/development/projects/nodescws/scws/missing --run tar'
AR='ar'
AUTOCONF='${SHELL} /home/root/development/projects/nodescws/scws/missing --run autoconf'
AUTOHEADER='${SHELL} /home/root/development/projects/nodescws/scws/missing --run autoheader'
AUTOMAKE='${SHELL} /home/root/development/projects/nodescws/scws/missing --run automake-1.10'
AWK='gawk'
CC='gcc'
CCDEPMODE='depmode=gcc3'
CFLAGS='-g -O2'
CPP='gcc -E'
CPPFLAGS=''
CYGPATH_W='echo'
DEFS='-DHAVE_CONFIG_H'
DEPDIR='.deps'
DSYMUTIL=''
DUMPBIN=''
ECHO_C=''
ECHO_N='-n'
ECHO_T=''
EGREP='/bin/grep -E'
EXEEXT=''
FGREP='/bin/grep -F'
GREP='/bin/grep'
INSTALL_DATA='${INSTALL} -m 644'
INSTALL_PROGRAM='${INSTALL}'
INSTALL_SCRIPT='${INSTALL}'
INSTALL_STRIP_PROGRAM='$(install_sh) -c -s'
LD='/usr/bin/ld -m elf_x86_64'
LDFLAGS=''
LIBOBJS=''
LIBS='-lm '
LIBTOOL='$(SHELL) $(top_builddir)/libtool --preserve-dup-deps'
LIPO=''
LN_S='ln -s'
LTLIBOBJS=''
MAKEINFO='${SHELL} /home/root/development/projects/nodescws/scws/missing --run makeinfo'
MKDIR_P='/bin/mkdir -p'
NM='/usr/bin/nm -B'
NMEDIT=''
OBJEXT='o'
OTOOL64=''
OTOOL=''
PACKAGE='scws'
PACKAGE_BUGREPORT='http://www.xunsearch.com/scws'
PACKAGE_NAME='scws'
PACKAGE_STRING='scws 1.2.2'
PACKAGE_TARNAME='scws'
PACKAGE_URL=''
PACKAGE_VERSION='1.2.2'
PATH_SEPARATOR=':'
RANLIB='ranlib'
SED='/bin/sed'
SET_MAKE=''
SHARED_LIB_VERSION='2:0:1'
SHELL='/bin/sh'
STRIP='strip'
VERSION='1.2.2'
ac_ct_CC='gcc'
ac_ct_DUMPBIN=''
am__fastdepCC_FALSE='#'
am__fastdepCC_TRUE=''
am__include='include'
am__isrc=''
am__leading_dot='.'
am__quote=''
am__tar='${AMTAR} chof - "$$tardir"'
am__untar='${AMTAR} xf -'
bindir='${exec_prefix}/bin'
build='x86_64-unknown-linux-gnu'
build_alias=''
build_cpu='x86_64'
build_os='linux-gnu'
build_vendor='unknown'
datadir='${datarootdir}'
datarootdir='${prefix}/share'
docdir='${datarootdir}/doc/${PACKAGE_TARNAME}'
dvidir='${docdir}'
exec_prefix='${prefix}'
host='x86_64-unknown-linux-gnu'
host_alias=''
host_cpu='x86_64'
host_os='linux-gnu'
host_vendor='unknown'
htmldir='${docdir}'
includedir='${prefix}/include'
infodir='${datarootdir}/info'
install_sh='$(SHELL) /home/root/development/projects/nodescws/scws/install-sh'
libdir='${exec_prefix}/lib'
libexecdir='${exec_prefix}/libexec'
localedir='${datarootdir}/locale'
localstatedir='${prefix}/var'
lt_ECHO='echo'
mandir='${datarootdir}/man'
mkdir_p='/bin/mkdir -p'
oldincludedir='/usr/include'
pdfdir='${docdir}'
prefix='/usr/local'
program_transform_name='s,x,x,'
psdir='${docdir}'
sbindir='${exec_prefix}/sbin'
sharedstatedir='${prefix}/com'
sysconfdir='${prefix}/etc'
target_alias=''

## ----------- ##
## confdefs.h. ##
## ----------- ##

/* confdefs.h */
#define PACKAGE_NAME "scws"
#define PACKAGE_TARNAME "scws"
#define PACKAGE_VERSION "1.2.2"
#define PACKAGE_STRING "scws 1.2.2"
#define PACKAGE_BUGREPORT "http://www.xunsearch.com/scws"
#define PACKAGE_URL ""
#define PACKAGE "scws"
#define VERSION "1.2.2"
#define STDC_HEADERS 1
#define HAVE_SYS_TYPES_H 1
#define HAVE_SYS_STAT_H 1
#define HAVE_STDLIB_H 1
#define HAVE_STRING_H 1
#define HAVE_MEMORY_H 1
#define HAVE_STRINGS_H 1
#define HAVE_INTTYPES_H 1
#define HAVE_STDINT_H 1
#define HAVE_UNISTD_H 1
#define HAVE_DLFCN_H 1
#define LT_OBJDIR ".libs/"
#define HAVE_LIBM 1
#define HAVE_FCNTL_H 1
#define HAVE_NETINET_IN_H 1
#define HAVE_MATH_H 1
#define HAVE_STDLIB_H 1
#define HAVE_STRING_H 1
#define HAVE_SYS_FILE_H 1
#define HAVE_SYS_PARAM_H 1
#define HAVE_SYS_TIME_H 1
#define HAVE_UNISTD_H 1
#define TIME_WITH_SYS_TIME 1
#define SIZEOF_INT 4
#define SIZEOF_FLOAT 4
#define HAVE_STRUCT_FLOCK 1
#define LSTAT_FOLLOWS_SLASHED_SYMLINK 1
#define LSTAT_FOLLOWS_SLASHED_SYMLINK 1
#define HAVE_STDLIB_H 1
#define HAVE_UNISTD_H 1
#define HAVE_SYS_PARAM_H 1
#define HAVE_GETPAGESIZE 1
#define HAVE_MMAP 1
#define HAVE_FLOCK 1
#define HAVE_GETTIMEOFDAY 1
#define HAVE_MALLOC 1
#define HAVE_MEMSET 1
#define HAVE_MUNMAP 1
#define HAVE_POW 1
#define HAVE_REALPATH 1
#define HAVE_STRCASECMP 1
#define HAVE_STRCHR 1
#define HAVE_STRDUP 1
#define HAVE_STRRCHR 1
#define HAVE_STRNDUP 1
#define HAVE_STRTOK_R 1

configure: exit 0
